[2024-08-14 14:11:52] [INFO ] [ProducersTest:105] - loop 1 started
[2024-08-14 14:11:52] [INFO ] [ProducersTest:107] - Sending message=Argus Filch
[2024-08-14 14:11:55] [INFO ] [ProducersTest:120] - Sent message=Argus Filch
[2024-08-14 14:11:55] [INFO ] [ProducersTest:122] - Getting response
[2024-08-14 14:11:55] [INFO ] [ProducersTest:134] - topic=input-topic-001, offset=0, partition=2, serializedKeySize=4, serializedValueSize=11, timestamp=1723624915396
[2024-08-14 14:11:55] [INFO ] [ProducersTest:136] - loop 1 completed
[2024-08-14 14:11:55] [INFO ] [ProducersTest:141] - Sleeping 10 seconds
[2024-08-14 14:12:05] [INFO ] [ProducersTest:105] - loop 2 started
[2024-08-14 14:12:05] [INFO ] [ProducersTest:107] - Sending message=Hedwig
[2024-08-14 14:12:05] [INFO ] [ProducersTest:120] - Sent message=Hedwig
[2024-08-14 14:12:05] [INFO ] [ProducersTest:122] - Getting response
[2024-08-14 14:12:05] [INFO ] [ProducersTest:134] - topic=input-topic-001, offset=1, partition=2, serializedKeySize=4, serializedValueSize=6, timestamp=1723624925765
[2024-08-14 14:12:05] [INFO ] [ProducersTest:136] - loop 2 completed
[2024-08-14 14:12:05] [INFO ] [ProducersTest:141] - Sleeping 10 seconds
[2024-08-14 14:12:15] [INFO ] [ProducersTest:105] - loop 3 started
[2024-08-14 14:12:15] [INFO ] [ProducersTest:107] - Sending message=Charity Burbage
[2024-08-14 14:12:15] [INFO ] [ProducersTest:120] - Sent message=Charity Burbage
[2024-08-14 14:12:15] [INFO ] [ProducersTest:122] - Getting response
[2024-08-14 14:12:15] [INFO ] [ProducersTest:134] - topic=input-topic-001, offset=0, partition=1, serializedKeySize=4, serializedValueSize=15, timestamp=1723624935901
[2024-08-14 14:12:15] [INFO ] [ProducersTest:136] - loop 3 completed
[2024-08-14 14:12:15] [INFO ] [ProducersTest:141] - Sleeping 10 seconds
[2024-08-14 14:12:25] [INFO ] [ProducersTest:105] - loop 4 started
[2024-08-14 14:12:25] [INFO ] [ProducersTest:107] - Sending message=Graham Montague
[2024-08-14 14:12:26] [INFO ] [ProducersTest:120] - Sent message=Graham Montague
[2024-08-14 14:12:26] [INFO ] [ProducersTest:122] - Getting response
[2024-08-14 14:12:26] [INFO ] [ProducersTest:134] - topic=input-topic-001, offset=0, partition=0, serializedKeySize=4, serializedValueSize=15, timestamp=1723624946042
[2024-08-14 14:12:26] [INFO ] [ProducersTest:136] - loop 4 completed
[2024-08-14 14:12:26] [INFO ] [ProducersTest:141] - Sleeping 10 seconds
[2024-08-14 14:12:36] [INFO ] [ProducersTest:105] - loop 5 started
[2024-08-14 14:12:36] [INFO ] [ProducersTest:107] - Sending message=Dolores Jane Umbridge
[2024-08-14 14:12:36] [INFO ] [ProducersTest:120] - Sent message=Dolores Jane Umbridge
[2024-08-14 14:12:36] [INFO ] [ProducersTest:122] - Getting response
[2024-08-14 14:12:36] [INFO ] [ProducersTest:134] - topic=input-topic-001, offset=1, partition=1, serializedKeySize=4, serializedValueSize=21, timestamp=1723624956112
[2024-08-14 14:12:36] [INFO ] [ProducersTest:136] - loop 5 completed
[2024-08-14 14:12:36] [INFO ] [ProducersTest:141] - Sleeping 10 seconds
[2024-08-14 14:12:46] [INFO ] [ProducersTest:105] - loop 6 started
[2024-08-14 14:12:46] [INFO ] [ProducersTest:107] - Sending message=Horace Slughorn
[2024-08-14 14:12:46] [INFO ] [ProducersTest:120] - Sent message=Horace Slughorn
[2024-08-14 14:12:46] [INFO ] [ProducersTest:122] - Getting response
[2024-08-14 14:12:46] [INFO ] [ProducersTest:134] - topic=input-topic-001, offset=2, partition=2, serializedKeySize=4, serializedValueSize=15, timestamp=1723624966219
[2024-08-14 14:12:46] [INFO ] [ProducersTest:136] - loop 6 completed
[2024-08-14 14:12:46] [INFO ] [ProducersTest:141] - Sleeping 10 seconds
[2024-08-14 14:12:56] [INFO ] [ProducersTest:105] - loop 7 started
[2024-08-14 14:12:56] [INFO ] [ProducersTest:107] - Sending message=Morfin Gaunt
[2024-08-14 14:12:56] [INFO ] [ProducersTest:120] - Sent message=Morfin Gaunt
[2024-08-14 14:12:56] [INFO ] [ProducersTest:122] - Getting response
[2024-08-14 14:12:56] [INFO ] [ProducersTest:134] - topic=input-topic-001, offset=3, partition=2, serializedKeySize=4, serializedValueSize=12, timestamp=1723624976444
[2024-08-14 14:12:56] [INFO ] [ProducersTest:136] - loop 7 completed
[2024-08-14 14:12:56] [INFO ] [ProducersTest:141] - Sleeping 10 seconds
[2024-08-14 14:13:06] [INFO ] [ProducersTest:105] - loop 8 started
[2024-08-14 14:13:06] [INFO ] [ProducersTest:107] - Sending message=Moran
[2024-08-14 14:13:06] [INFO ] [ProducersTest:120] - Sent message=Moran
[2024-08-14 14:13:06] [INFO ] [ProducersTest:122] - Getting response
[2024-08-14 14:13:06] [INFO ] [ProducersTest:134] - topic=input-topic-001, offset=2, partition=1, serializedKeySize=4, serializedValueSize=5, timestamp=1723624986537
[2024-08-14 14:13:06] [INFO ] [ProducersTest:136] - loop 8 completed
[2024-08-14 14:13:06] [INFO ] [ProducersTest:141] - Sleeping 10 seconds
[2024-08-14 14:13:16] [INFO ] [ProducersTest:105] - loop 9 started
[2024-08-14 14:13:16] [INFO ] [ProducersTest:107] - Sending message=Ginny Weasley
[2024-08-14 14:13:16] [INFO ] [ProducersTest:120] - Sent message=Ginny Weasley
[2024-08-14 14:13:16] [INFO ] [ProducersTest:122] - Getting response
[2024-08-14 14:13:16] [INFO ] [ProducersTest:134] - topic=input-topic-001, offset=1, partition=0, serializedKeySize=4, serializedValueSize=13, timestamp=1723624996731
[2024-08-14 14:13:16] [INFO ] [ProducersTest:136] - loop 9 completed
[2024-08-14 14:13:16] [INFO ] [ProducersTest:141] - Sleeping 10 seconds
[2024-08-14 14:13:26] [INFO ] [ProducersTest:105] - loop 10 started
[2024-08-14 14:13:26] [INFO ] [ProducersTest:107] - Sending message=Dudley Dursley
[2024-08-14 14:13:26] [INFO ] [ProducersTest:120] - Sent message=Dudley Dursley
[2024-08-14 14:13:26] [INFO ] [ProducersTest:122] - Getting response
[2024-08-14 14:13:26] [INFO ] [ProducersTest:134] - topic=input-topic-001, offset=3, partition=1, serializedKeySize=4, serializedValueSize=14, timestamp=1723625006879
[2024-08-14 14:13:26] [INFO ] [ProducersTest:136] - loop 10 completed
[2024-08-14 14:13:26] [INFO ] [ProducersTest:141] - Sleeping 10 seconds
[2024-08-14 14:13:36] [INFO ] [ProducersTest:105] - loop 11 started
[2024-08-14 14:13:36] [INFO ] [ProducersTest:107] - Sending message=Madam Malkin
[2024-08-14 14:13:37] [INFO ] [ProducersTest:120] - Sent message=Madam Malkin
[2024-08-14 14:13:37] [INFO ] [ProducersTest:122] - Getting response
[2024-08-14 14:13:37] [INFO ] [ProducersTest:134] - topic=input-topic-001, offset=4, partition=2, serializedKeySize=4, serializedValueSize=12, timestamp=1723625017007
[2024-08-14 14:13:37] [INFO ] [ProducersTest:136] - loop 11 completed
[2024-08-14 14:13:37] [INFO ] [ProducersTest:141] - Sleeping 10 seconds
[2024-08-14 14:13:47] [INFO ] [ProducersTest:105] - loop 12 started
[2024-08-14 14:13:47] [INFO ] [ProducersTest:107] - Sending message=Amelia Bones
[2024-08-14 14:13:47] [INFO ] [ProducersTest:120] - Sent message=Amelia Bones
[2024-08-14 14:13:47] [INFO ] [ProducersTest:122] - Getting response
[2024-08-14 14:13:47] [INFO ] [ProducersTest:134] - topic=input-topic-001, offset=5, partition=2, serializedKeySize=4, serializedValueSize=12, timestamp=1723625027091
[2024-08-14 14:13:47] [INFO ] [ProducersTest:136] - loop 12 completed
[2024-08-14 14:13:47] [INFO ] [ProducersTest:141] - Sleeping 10 seconds
[2024-08-14 14:13:57] [INFO ] [ProducersTest:105] - loop 13 started
[2024-08-14 14:13:57] [INFO ] [ProducersTest:107] - Sending message=Fluffy
[2024-08-14 14:13:57] [INFO ] [ProducersTest:120] - Sent message=Fluffy
[2024-08-14 14:13:57] [INFO ] [ProducersTest:122] - Getting response
[2024-08-14 14:13:57] [INFO ] [ProducersTest:134] - topic=input-topic-001, offset=4, partition=1, serializedKeySize=4, serializedValueSize=6, timestamp=1723625037153
[2024-08-14 14:13:57] [INFO ] [ProducersTest:136] - loop 13 completed
[2024-08-14 14:13:57] [INFO ] [ProducersTest:141] - Sleeping 10 seconds
[2024-08-14 14:14:07] [INFO ] [ProducersTest:105] - loop 14 started
[2024-08-14 14:14:07] [INFO ] [ProducersTest:107] - Sending message=Morfin Gaunt
[2024-08-14 14:14:07] [INFO ] [ProducersTest:120] - Sent message=Morfin Gaunt
[2024-08-14 14:14:07] [INFO ] [ProducersTest:122] - Getting response
[2024-08-14 14:14:07] [INFO ] [ProducersTest:134] - topic=input-topic-001, offset=2, partition=0, serializedKeySize=4, serializedValueSize=12, timestamp=1723625047198
[2024-08-14 14:14:07] [INFO ] [ProducersTest:136] - loop 14 completed
[2024-08-14 14:14:07] [INFO ] [ProducersTest:141] - Sleeping 10 seconds
[2024-08-14 14:14:17] [INFO ] [ProducersTest:105] - loop 15 started
[2024-08-14 14:14:17] [INFO ] [ProducersTest:107] - Sending message=Cedric Diggory
[2024-08-14 14:14:17] [INFO ] [ProducersTest:120] - Sent message=Cedric Diggory
[2024-08-14 14:14:17] [INFO ] [ProducersTest:122] - Getting response
[2024-08-14 14:14:17] [INFO ] [ProducersTest:134] - topic=input-topic-001, offset=5, partition=1, serializedKeySize=4, serializedValueSize=14, timestamp=1723625057260
[2024-08-14 14:14:17] [INFO ] [ProducersTest:136] - loop 15 completed
[2024-08-14 14:14:17] [INFO ] [ProducersTest:141] - Sleeping 10 seconds
[2024-08-14 14:14:27] [INFO ] [ProducersTest:105] - loop 16 started
[2024-08-14 14:14:27] [INFO ] [ProducersTest:107] - Sending message=Frank Bryce
[2024-08-14 14:14:27] [INFO ] [ProducersTest:120] - Sent message=Frank Bryce
[2024-08-14 14:14:27] [INFO ] [ProducersTest:122] - Getting response
[2024-08-14 14:14:27] [INFO ] [ProducersTest:134] - topic=input-topic-001, offset=6, partition=2, serializedKeySize=4, serializedValueSize=11, timestamp=1723625067303
[2024-08-14 14:14:27] [INFO ] [ProducersTest:136] - loop 16 completed
[2024-08-14 14:14:27] [INFO ] [ProducersTest:141] - Sleeping 10 seconds
